程序启动
开始处理数据
处理数据完成
程序结束
2026-04-08 22:59:30,780 - MainApp - INFO - 程序启动
2026-04-08 22:59:30,780 - MainApp - INFO - 开始处理数据
2026-04-08 22:59:30,780 - MainApp - INFO - 处理数据完成
2026-04-08 22:59:30,780 - MainApp - INFO - 程序结束
2026-04-08 22:59:53,354 - MainApp - INFO - 程序启动
2026-04-08 22:59:53,354 - MainApp - WARNING - 数据为空
2026-04-08 22:59:53,354 - MainApp - INFO - 开始处理数据
2026-04-08 22:59:53,354 - MainApp - WARNING - 数据为空
2026-04-08 22:59:53,354 - MainApp - INFO - 程序结束
2026-04-08 23:01:15,804 - MainApp - INFO - 程序启动
2026-04-08 23:01:15,805 - MainApp - WARNING - 数据为空
2026-04-08 23:01:15,805 - MainApp - INFO - 开始处理数据
2026-04-08 23:01:15,815 - MainApp - WARNING - 数据为空
2026-04-08 23:01:15,815 - MainApp - INFO - 程序结束
2026-04-08 23:01:24,270 - MainApp - INFO - 程序启动
2026-04-08 23:01:24,270 - MainApp - INFO - 开始处理数据
2026-04-08 23:01:24,270 - MainApp - INFO - 处理数据完成
2026-04-08 23:01:24,270 - MainApp - INFO - 程序结束
