2026-04-14 14:19:04,143 - EduRAG - ERROR - mysql 连接失败: (1045, "Access denied for user 'root'@'192.168.65.1' (using password: YES)")
2026-04-14 14:20:27,153 - EduRAG - ERROR - mysql 连接失败: (1045, "Access denied for user 'root'@'192.168.65.1' (using password: YES)")
2026-04-14 14:21:51,599 - EduRAG - INFO - 正在连接mysql数据库...
2026-04-14 14:21:51,605 - EduRAG - ERROR - mysql 连接失败: (1045, "Access denied for user 'root'@'192.168.65.1' (using password: YES)")
2026-04-14 14:24:31,263 - EduRAG - ERROR - mysql 连接失败: (1045, "Access denied for user 'root'@'192.168.65.1' (using password: YES)")
2026-04-14 14:26:04,264 - EduRAG - ERROR - mysql 连接失败: (1045, "Access denied for user 'root'@'192.168.65.1' (using password: YES)")
2026-04-14 14:28:22,829 - EduRAG - ERROR - mysql 连接失败: (1045, "Access denied for user 'root'@'192.168.65.1' (using password: YES)")
2026-04-14 14:29:00,065 - EduRAG - ERROR - mysql 连接失败: (1045, "Access denied for user 'root'@'192.168.65.1' (using password: YES)")
2026-04-14 14:33:15,391 - EduRAG - ERROR - mysql 连接失败: (1045, "Access denied for user 'root'@'192.168.65.1' (using password: YES)")
2026-04-14 14:33:21,476 - EduRAG - ERROR - mysql 连接失败: (1045, "Access denied for user 'root'@'192.168.65.1' (using password: YES)")
2026-04-14 14:39:07,356 - EduRAG - ERROR - mysql 连接失败: (1049, "Unknown database 'subjects_kg'")
2026-04-14 14:39:26,833 - EduRAG - ERROR - mysql 连接失败: (1049, "Unknown database 'subjects_kg'")
2026-04-14 14:39:46,329 - EduRAG - INFO - mysql 连接成功
2026-04-14 20:45:27,275 - EduRAG - INFO - mysql 连接成功
2026-04-14 21:02:36,849 - EduRAG - INFO - mysql 连接成功
2026-04-14 21:12:57,176 - EduRAG - INFO - mysql 连接成功
2026-04-14 21:12:57,177 - EduRAG - ERROR - 表jpkb创建失败: (1064, "You have an error in your SQL syntax; check the manual that corresponds to your MySQL server version for the right syntax to use near '' at line 5")
2026-04-14 21:13:07,456 - EduRAG - INFO - mysql 连接成功
2026-04-14 21:13:19,284 - EduRAG - INFO - mysql 连接成功
2026-04-14 21:13:19,286 - EduRAG - ERROR - 表jpkb创建失败: (1064, "You have an error in your SQL syntax; check the manual that corresponds to your MySQL server version for the right syntax to use near '' at line 5")
2026-04-14 21:14:29,256 - EduRAG - INFO - mysql 连接成功
2026-04-14 21:14:29,257 - EduRAG - ERROR - 表jpkb创建失败: (1064, "You have an error in your SQL syntax; check the manual that corresponds to your MySQL server version for the right syntax to use near ',' at line 5")
2026-04-14 21:14:42,595 - EduRAG - INFO - mysql 连接成功
2026-04-14 21:14:42,680 - EduRAG - INFO - 表jpkb创建成功
2026-04-14 21:39:35,478 - EduRAG - INFO - mysql 连接成功
2026-04-14 21:39:35,497 - EduRAG - INFO - jpkb插入数据成功
2026-04-14 21:39:35,504 - EduRAG - INFO - jpkb插入数据成功
2026-04-14 21:39:35,512 - EduRAG - INFO - jpkb插入数据成功
2026-04-14 21:39:35,520 - EduRAG - INFO - jpkb插入数据成功
2026-04-14 21:39:35,527 - EduRAG - INFO - jpkb插入数据成功
2026-04-14 21:39:35,534 - EduRAG - INFO - jpkb插入数据成功
2026-04-14 21:39:35,541 - EduRAG - INFO - jpkb插入数据成功
2026-04-14 21:39:35,548 - EduRAG - INFO - jpkb插入数据成功
2026-04-14 21:39:35,555 - EduRAG - INFO - jpkb插入数据成功
2026-04-14 21:39:35,562 - EduRAG - INFO - jpkb插入数据成功
2026-04-14 21:39:35,569 - EduRAG - INFO - jpkb插入数据成功
2026-04-14 21:39:35,575 - EduRAG - INFO - jpkb插入数据成功
2026-04-14 21:39:35,582 - EduRAG - INFO - jpkb插入数据成功
2026-04-14 21:39:35,589 - EduRAG - INFO - jpkb插入数据成功
2026-04-14 21:39:35,596 - EduRAG - INFO - jpkb插入数据成功
2026-04-14 21:39:35,602 - EduRAG - INFO - jpkb插入数据成功
2026-04-14 21:39:35,609 - EduRAG - INFO - jpkb插入数据成功
2026-04-14 21:39:35,616 - EduRAG - INFO - jpkb插入数据成功
2026-04-14 21:39:35,623 - EduRAG - INFO - jpkb插入数据成功
2026-04-14 21:39:35,628 - EduRAG - INFO - jpkb插入数据成功
2026-04-14 21:39:35,635 - EduRAG - INFO - jpkb插入数据成功
2026-04-14 21:39:35,641 - EduRAG - INFO - jpkb插入数据成功
2026-04-14 21:39:35,648 - EduRAG - INFO - jpkb插入数据成功
2026-04-14 21:39:35,655 - EduRAG - INFO - jpkb插入数据成功
2026-04-14 21:39:35,662 - EduRAG - INFO - jpkb插入数据成功
2026-04-14 21:39:35,669 - EduRAG - INFO - jpkb插入数据成功
2026-04-14 21:39:35,675 - EduRAG - INFO - jpkb插入数据成功
2026-04-14 21:39:35,687 - EduRAG - INFO - jpkb插入数据成功
2026-04-14 21:39:35,697 - EduRAG - INFO - jpkb插入数据成功
2026-04-14 21:39:35,713 - EduRAG - INFO - jpkb插入数据成功
2026-04-14 21:39:35,724 - EduRAG - INFO - jpkb插入数据成功
2026-04-14 21:39:35,733 - EduRAG - INFO - jpkb插入数据成功
2026-04-14 21:39:35,743 - EduRAG - INFO - jpkb插入数据成功
2026-04-14 21:39:35,749 - EduRAG - INFO - jpkb插入数据成功
2026-04-14 21:39:35,757 - EduRAG - INFO - jpkb插入数据成功
2026-04-14 21:39:35,764 - EduRAG - INFO - jpkb插入数据成功
2026-04-14 21:39:35,771 - EduRAG - INFO - jpkb插入数据成功
2026-04-14 21:39:35,778 - EduRAG - INFO - jpkb插入数据成功
2026-04-14 21:39:35,788 - EduRAG - INFO - jpkb插入数据成功
2026-04-14 21:39:35,796 - EduRAG - INFO - jpkb插入数据成功
2026-04-14 21:39:35,803 - EduRAG - INFO - jpkb插入数据成功
2026-04-14 21:39:35,809 - EduRAG - INFO - jpkb插入数据成功
2026-04-14 21:39:35,816 - EduRAG - INFO - jpkb插入数据成功
2026-04-14 21:39:35,823 - EduRAG - INFO - jpkb插入数据成功
2026-04-14 21:39:35,829 - EduRAG - INFO - jpkb插入数据成功
2026-04-14 21:39:35,837 - EduRAG - INFO - jpkb插入数据成功
2026-04-14 21:39:35,846 - EduRAG - INFO - jpkb插入数据成功
2026-04-14 21:39:35,857 - EduRAG - INFO - jpkb插入数据成功
2026-04-14 21:39:35,870 - EduRAG - INFO - jpkb插入数据成功
2026-04-14 21:39:35,879 - EduRAG - INFO - jpkb插入数据成功
2026-04-14 21:39:35,889 - EduRAG - INFO - jpkb插入数据成功
2026-04-14 21:39:35,898 - EduRAG - INFO - jpkb插入数据成功
2026-04-14 21:39:35,910 - EduRAG - INFO - jpkb插入数据成功
2026-04-14 21:39:35,920 - EduRAG - INFO - jpkb插入数据成功
2026-04-14 21:39:35,929 - EduRAG - INFO - jpkb插入数据成功
2026-04-14 21:39:35,940 - EduRAG - INFO - jpkb插入数据成功
2026-04-14 21:39:35,949 - EduRAG - INFO - jpkb插入数据成功
2026-04-14 21:39:35,956 - EduRAG - INFO - jpkb插入数据成功
2026-04-14 21:39:35,962 - EduRAG - INFO - jpkb插入数据成功
2026-04-14 21:39:35,969 - EduRAG - INFO - jpkb插入数据成功
2026-04-14 21:39:35,976 - EduRAG - INFO - jpkb插入数据成功
2026-04-14 21:39:35,983 - EduRAG - INFO - jpkb插入数据成功
2026-04-14 21:39:35,990 - EduRAG - INFO - jpkb插入数据成功
2026-04-14 21:39:35,996 - EduRAG - INFO - jpkb插入数据成功
2026-04-14 21:39:36,003 - EduRAG - INFO - jpkb插入数据成功
2026-04-14 21:39:36,010 - EduRAG - INFO - jpkb插入数据成功
2026-04-14 21:39:36,017 - EduRAG - INFO - jpkb插入数据成功
2026-04-14 21:39:36,023 - EduRAG - INFO - jpkb插入数据成功
2026-04-14 21:39:36,030 - EduRAG - INFO - jpkb插入数据成功
2026-04-14 21:39:36,036 - EduRAG - INFO - jpkb插入数据成功
2026-04-14 21:39:36,043 - EduRAG - INFO - jpkb插入数据成功
2026-04-14 21:39:36,049 - EduRAG - INFO - jpkb插入数据成功
2026-04-14 21:39:36,056 - EduRAG - INFO - jpkb插入数据成功
2026-04-14 21:39:36,063 - EduRAG - INFO - jpkb插入数据成功
2026-04-14 21:39:36,073 - EduRAG - INFO - jpkb插入数据成功
2026-04-14 21:39:36,081 - EduRAG - INFO - jpkb插入数据成功
2026-04-14 21:39:36,088 - EduRAG - INFO - jpkb插入数据成功
2026-04-14 21:39:36,095 - EduRAG - INFO - jpkb插入数据成功
2026-04-14 21:39:36,102 - EduRAG - INFO - jpkb插入数据成功
2026-04-14 21:39:36,110 - EduRAG - INFO - jpkb插入数据成功
2026-04-14 21:39:36,117 - EduRAG - INFO - jpkb插入数据成功
2026-04-14 21:39:36,123 - EduRAG - INFO - jpkb插入数据成功
2026-04-14 21:39:36,130 - EduRAG - INFO - jpkb插入数据成功
2026-04-14 21:39:36,137 - EduRAG - INFO - jpkb插入数据成功
2026-04-14 21:39:36,143 - EduRAG - INFO - jpkb插入数据成功
2026-04-14 21:39:36,150 - EduRAG - INFO - jpkb插入数据成功
2026-04-14 21:39:36,157 - EduRAG - INFO - jpkb插入数据成功
2026-04-14 21:39:36,165 - EduRAG - INFO - jpkb插入数据成功
2026-04-14 21:39:36,171 - EduRAG - INFO - jpkb插入数据成功
2026-04-14 21:39:36,179 - EduRAG - INFO - jpkb插入数据成功
2026-04-14 21:39:36,185 - EduRAG - INFO - jpkb插入数据成功
2026-04-14 21:39:36,192 - EduRAG - INFO - jpkb插入数据成功
2026-04-14 21:39:36,200 - EduRAG - INFO - jpkb插入数据成功
2026-04-14 21:39:36,207 - EduRAG - INFO - jpkb插入数据成功
2026-04-14 21:39:36,214 - EduRAG - INFO - jpkb插入数据成功
2026-04-14 21:39:36,220 - EduRAG - INFO - jpkb插入数据成功
2026-04-14 21:39:36,228 - EduRAG - INFO - jpkb插入数据成功
2026-04-14 21:39:36,236 - EduRAG - INFO - jpkb插入数据成功
2026-04-14 21:39:36,242 - EduRAG - INFO - jpkb插入数据成功
2026-04-14 21:39:36,248 - EduRAG - INFO - jpkb插入数据成功
2026-04-14 21:39:36,254 - EduRAG - INFO - jpkb插入数据成功
2026-04-14 21:39:36,262 - EduRAG - INFO - jpkb插入数据成功
2026-04-14 21:39:36,268 - EduRAG - INFO - jpkb插入数据成功
2026-04-14 21:39:36,275 - EduRAG - INFO - jpkb插入数据成功
2026-04-14 21:39:36,283 - EduRAG - INFO - jpkb插入数据成功
2026-04-14 21:39:36,290 - EduRAG - INFO - jpkb插入数据成功
2026-04-14 21:39:36,297 - EduRAG - INFO - jpkb插入数据成功
2026-04-14 21:39:36,303 - EduRAG - INFO - jpkb插入数据成功
2026-04-14 21:39:36,311 - EduRAG - INFO - jpkb插入数据成功
2026-04-14 21:39:36,318 - EduRAG - INFO - jpkb插入数据成功
2026-04-14 21:39:36,325 - EduRAG - INFO - jpkb插入数据成功
2026-04-14 21:39:36,331 - EduRAG - INFO - jpkb插入数据成功
2026-04-14 21:39:36,337 - EduRAG - INFO - jpkb插入数据成功
2026-04-14 21:39:36,346 - EduRAG - INFO - jpkb插入数据成功
2026-04-14 21:39:36,353 - EduRAG - INFO - jpkb插入数据成功
2026-04-14 21:39:36,360 - EduRAG - INFO - jpkb插入数据成功
2026-04-14 21:39:36,367 - EduRAG - INFO - jpkb插入数据成功
2026-04-14 21:39:36,374 - EduRAG - INFO - jpkb插入数据成功
2026-04-14 21:39:36,381 - EduRAG - INFO - jpkb插入数据成功
2026-04-14 21:39:36,387 - EduRAG - INFO - jpkb插入数据成功
2026-04-14 21:39:36,394 - EduRAG - INFO - jpkb插入数据成功
2026-04-14 21:39:36,406 - EduRAG - INFO - jpkb插入数据成功
2026-04-14 21:39:36,413 - EduRAG - INFO - jpkb插入数据成功
2026-04-14 21:39:36,420 - EduRAG - INFO - jpkb插入数据成功
2026-04-14 21:39:36,427 - EduRAG - INFO - jpkb插入数据成功
2026-04-14 21:39:36,433 - EduRAG - INFO - jpkb插入数据成功
2026-04-14 21:39:36,440 - EduRAG - INFO - jpkb插入数据成功
2026-04-14 21:39:36,446 - EduRAG - INFO - jpkb插入数据成功
2026-04-14 21:39:36,453 - EduRAG - INFO - jpkb插入数据成功
2026-04-14 21:39:36,459 - EduRAG - INFO - jpkb插入数据成功
2026-04-14 21:39:36,466 - EduRAG - INFO - jpkb插入数据成功
2026-04-14 21:39:36,472 - EduRAG - INFO - jpkb插入数据成功
2026-04-14 21:39:36,480 - EduRAG - INFO - jpkb插入数据成功
2026-04-14 21:39:36,487 - EduRAG - INFO - jpkb插入数据成功
2026-04-14 21:39:36,495 - EduRAG - INFO - jpkb插入数据成功
2026-04-14 21:39:36,503 - EduRAG - INFO - jpkb插入数据成功
2026-04-14 21:39:36,510 - EduRAG - INFO - jpkb插入数据成功
2026-04-14 21:39:36,517 - EduRAG - INFO - jpkb插入数据成功
2026-04-14 21:39:36,523 - EduRAG - INFO - jpkb插入数据成功
2026-04-14 21:39:36,531 - EduRAG - INFO - jpkb插入数据成功
2026-04-14 21:39:36,538 - EduRAG - INFO - jpkb插入数据成功
2026-04-14 21:39:36,544 - EduRAG - INFO - jpkb插入数据成功
2026-04-14 21:39:36,551 - EduRAG - INFO - jpkb插入数据成功
2026-04-14 21:39:36,557 - EduRAG - INFO - jpkb插入数据成功
2026-04-14 21:39:36,565 - EduRAG - INFO - jpkb插入数据成功
2026-04-14 21:39:36,572 - EduRAG - INFO - jpkb插入数据成功
2026-04-14 21:39:36,580 - EduRAG - INFO - jpkb插入数据成功
2026-04-14 21:39:36,588 - EduRAG - INFO - jpkb插入数据成功
2026-04-14 21:39:36,595 - EduRAG - INFO - jpkb插入数据成功
2026-04-14 21:39:36,602 - EduRAG - INFO - jpkb插入数据成功
2026-04-14 21:39:36,609 - EduRAG - INFO - jpkb插入数据成功
2026-04-14 21:39:36,616 - EduRAG - INFO - jpkb插入数据成功
2026-04-14 21:39:36,623 - EduRAG - INFO - jpkb插入数据成功
2026-04-14 21:39:36,629 - EduRAG - INFO - jpkb插入数据成功
2026-04-14 21:39:36,636 - EduRAG - INFO - jpkb插入数据成功
2026-04-14 21:39:36,642 - EduRAG - INFO - jpkb插入数据成功
2026-04-14 21:39:36,649 - EduRAG - INFO - jpkb插入数据成功
2026-04-14 21:39:36,656 - EduRAG - INFO - jpkb插入数据成功
2026-04-14 21:39:36,663 - EduRAG - INFO - jpkb插入数据成功
2026-04-14 21:39:36,670 - EduRAG - INFO - jpkb插入数据成功
2026-04-14 21:39:36,676 - EduRAG - INFO - jpkb插入数据成功
2026-04-14 21:39:36,683 - EduRAG - INFO - jpkb插入数据成功
2026-04-14 21:39:36,689 - EduRAG - INFO - jpkb插入数据成功
2026-04-14 21:39:36,696 - EduRAG - INFO - jpkb插入数据成功
2026-04-14 21:39:36,704 - EduRAG - INFO - jpkb插入数据成功
2026-04-14 21:39:36,711 - EduRAG - INFO - jpkb插入数据成功
2026-04-14 21:39:36,718 - EduRAG - INFO - jpkb插入数据成功
2026-04-14 21:39:36,724 - EduRAG - INFO - jpkb插入数据成功
2026-04-14 21:39:36,730 - EduRAG - INFO - jpkb插入数据成功
2026-04-14 21:39:36,738 - EduRAG - INFO - jpkb插入数据成功
2026-04-14 21:39:36,745 - EduRAG - INFO - jpkb插入数据成功
2026-04-14 21:39:36,751 - EduRAG - INFO - jpkb插入数据成功
2026-04-14 21:39:36,762 - EduRAG - INFO - jpkb插入数据成功
2026-04-14 21:39:36,769 - EduRAG - INFO - jpkb插入数据成功
2026-04-14 21:39:36,775 - EduRAG - INFO - jpkb插入数据成功
2026-04-14 21:39:36,783 - EduRAG - INFO - jpkb插入数据成功
2026-04-14 21:39:36,791 - EduRAG - INFO - jpkb插入数据成功
2026-04-14 21:39:36,798 - EduRAG - INFO - jpkb插入数据成功
2026-04-14 21:39:36,804 - EduRAG - INFO - jpkb插入数据成功
2026-04-14 21:39:36,811 - EduRAG - INFO - jpkb插入数据成功
2026-04-14 21:39:36,817 - EduRAG - INFO - jpkb插入数据成功
2026-04-14 21:39:36,824 - EduRAG - INFO - jpkb插入数据成功
2026-04-14 21:39:36,831 - EduRAG - INFO - jpkb插入数据成功
2026-04-14 21:39:36,837 - EduRAG - INFO - jpkb插入数据成功
2026-04-14 21:39:36,845 - EduRAG - INFO - jpkb插入数据成功
2026-04-14 21:39:36,854 - EduRAG - INFO - jpkb插入数据成功
2026-04-14 21:39:36,864 - EduRAG - INFO - jpkb插入数据成功
2026-04-14 21:39:36,874 - EduRAG - INFO - jpkb插入数据成功
2026-04-14 21:39:36,884 - EduRAG - INFO - jpkb插入数据成功
2026-04-14 21:39:36,895 - EduRAG - INFO - jpkb插入数据成功
2026-04-14 21:39:36,903 - EduRAG - INFO - jpkb插入数据成功
2026-04-14 21:39:36,909 - EduRAG - INFO - jpkb插入数据成功
2026-04-14 21:39:36,915 - EduRAG - INFO - jpkb插入数据成功
2026-04-14 21:39:36,922 - EduRAG - INFO - jpkb插入数据成功
2026-04-14 21:39:36,927 - EduRAG - INFO - jpkb插入数据成功
2026-04-14 21:39:36,933 - EduRAG - INFO - jpkb插入数据成功
2026-04-14 21:39:36,939 - EduRAG - INFO - jpkb插入数据成功
2026-04-14 21:39:36,945 - EduRAG - INFO - jpkb插入数据成功
2026-04-14 21:39:36,951 - EduRAG - INFO - jpkb插入数据成功
2026-04-14 21:39:36,956 - EduRAG - INFO - jpkb插入数据成功
2026-04-14 21:39:36,964 - EduRAG - INFO - jpkb插入数据成功
2026-04-14 21:39:36,971 - EduRAG - INFO - jpkb插入数据成功
2026-04-14 21:39:36,976 - EduRAG - INFO - jpkb插入数据成功
2026-04-14 21:39:36,983 - EduRAG - INFO - jpkb插入数据成功
2026-04-14 21:39:36,989 - EduRAG - INFO - jpkb插入数据成功
2026-04-14 21:39:36,997 - EduRAG - INFO - jpkb插入数据成功
2026-04-14 21:39:37,003 - EduRAG - INFO - jpkb插入数据成功
2026-04-14 21:39:37,011 - EduRAG - INFO - jpkb插入数据成功
2026-04-14 21:39:37,016 - EduRAG - INFO - jpkb插入数据成功
2026-04-14 21:39:37,022 - EduRAG - INFO - jpkb插入数据成功
2026-04-14 21:39:37,027 - EduRAG - INFO - jpkb插入数据成功
2026-04-14 21:39:37,034 - EduRAG - INFO - jpkb插入数据成功
2026-04-14 21:39:37,039 - EduRAG - INFO - jpkb插入数据成功
2026-04-14 21:39:37,047 - EduRAG - INFO - jpkb插入数据成功
2026-04-14 21:39:37,053 - EduRAG - INFO - jpkb插入数据成功
2026-04-14 21:39:37,095 - EduRAG - INFO - jpkb插入数据成功
2026-04-14 21:39:37,106 - EduRAG - INFO - jpkb插入数据成功
2026-04-14 21:39:37,114 - EduRAG - INFO - jpkb插入数据成功
2026-04-14 21:39:37,121 - EduRAG - INFO - jpkb插入数据成功
2026-04-14 21:39:37,127 - EduRAG - INFO - jpkb插入数据成功
2026-04-14 21:39:37,134 - EduRAG - INFO - jpkb插入数据成功
2026-04-14 21:39:37,140 - EduRAG - INFO - jpkb插入数据成功
2026-04-14 21:39:37,146 - EduRAG - INFO - jpkb插入数据成功
2026-04-14 21:39:37,152 - EduRAG - INFO - jpkb插入数据成功
2026-04-14 21:39:37,158 - EduRAG - INFO - jpkb插入数据成功
2026-04-14 21:39:37,165 - EduRAG - INFO - jpkb插入数据成功
2026-04-14 21:39:37,172 - EduRAG - INFO - jpkb插入数据成功
2026-04-14 21:39:37,180 - EduRAG - INFO - jpkb插入数据成功
2026-04-14 21:39:37,187 - EduRAG - INFO - jpkb插入数据成功
2026-04-14 21:39:37,193 - EduRAG - INFO - jpkb插入数据成功
2026-04-14 21:39:37,202 - EduRAG - INFO - jpkb插入数据成功
2026-04-14 21:39:37,209 - EduRAG - INFO - jpkb插入数据成功
2026-04-14 21:39:37,214 - EduRAG - INFO - jpkb插入数据成功
2026-04-14 21:39:37,221 - EduRAG - INFO - jpkb插入数据成功
2026-04-14 21:39:37,232 - EduRAG - INFO - jpkb插入数据成功
2026-04-14 21:39:37,238 - EduRAG - INFO - jpkb插入数据成功
2026-04-14 21:39:37,243 - EduRAG - INFO - jpkb插入数据成功
2026-04-14 21:39:37,250 - EduRAG - INFO - jpkb插入数据成功
2026-04-14 21:39:37,256 - EduRAG - INFO - jpkb插入数据成功
2026-04-14 21:39:37,263 - EduRAG - INFO - jpkb插入数据成功
2026-04-14 21:39:37,270 - EduRAG - INFO - jpkb插入数据成功
2026-04-14 21:39:37,276 - EduRAG - INFO - jpkb插入数据成功
2026-04-14 21:39:37,282 - EduRAG - INFO - jpkb插入数据成功
2026-04-14 21:39:37,294 - EduRAG - INFO - jpkb插入数据成功
2026-04-14 21:39:37,302 - EduRAG - INFO - jpkb插入数据成功
2026-04-14 21:39:37,309 - EduRAG - INFO - jpkb插入数据成功
2026-04-14 21:39:37,316 - EduRAG - INFO - jpkb插入数据成功
2026-04-14 21:39:37,323 - EduRAG - INFO - jpkb插入数据成功
2026-04-14 21:39:37,330 - EduRAG - INFO - jpkb插入数据成功
2026-04-14 21:39:37,337 - EduRAG - INFO - jpkb插入数据成功
2026-04-14 21:39:37,343 - EduRAG - INFO - jpkb插入数据成功
2026-04-14 21:39:37,350 - EduRAG - INFO - jpkb插入数据成功
2026-04-14 21:39:37,357 - EduRAG - INFO - jpkb插入数据成功
2026-04-14 21:39:37,364 - EduRAG - INFO - jpkb插入数据成功
2026-04-14 21:39:37,371 - EduRAG - INFO - jpkb插入数据成功
2026-04-14 21:39:37,378 - EduRAG - INFO - jpkb插入数据成功
2026-04-14 21:39:37,385 - EduRAG - INFO - jpkb插入数据成功
2026-04-14 21:39:37,391 - EduRAG - INFO - jpkb插入数据成功
2026-04-14 21:39:37,399 - EduRAG - INFO - jpkb插入数据成功
2026-04-14 21:39:37,408 - EduRAG - INFO - jpkb插入数据成功
2026-04-14 21:39:37,416 - EduRAG - INFO - jpkb插入数据成功
2026-04-14 21:39:37,423 - EduRAG - INFO - jpkb插入数据成功
2026-04-14 21:39:37,430 - EduRAG - INFO - jpkb插入数据成功
2026-04-14 21:39:37,437 - EduRAG - INFO - jpkb插入数据成功
2026-04-14 21:39:37,442 - EduRAG - INFO - jpkb插入数据成功
2026-04-14 21:39:37,449 - EduRAG - INFO - jpkb插入数据成功
2026-04-14 21:39:37,455 - EduRAG - INFO - jpkb插入数据成功
2026-04-14 21:39:37,462 - EduRAG - INFO - jpkb插入数据成功
2026-04-14 21:39:37,468 - EduRAG - INFO - jpkb插入数据成功
2026-04-14 21:39:37,474 - EduRAG - INFO - jpkb插入数据成功
2026-04-14 21:39:37,480 - EduRAG - INFO - jpkb插入数据成功
2026-04-14 21:39:37,487 - EduRAG - INFO - jpkb插入数据成功
2026-04-14 21:39:37,493 - EduRAG - INFO - jpkb插入数据成功
2026-04-14 21:39:37,499 - EduRAG - INFO - jpkb插入数据成功
2026-04-14 21:39:37,506 - EduRAG - INFO - jpkb插入数据成功
2026-04-14 21:39:37,514 - EduRAG - INFO - jpkb插入数据成功
2026-04-14 21:39:37,524 - EduRAG - INFO - jpkb插入数据成功
2026-04-14 21:39:37,532 - EduRAG - INFO - jpkb插入数据成功
2026-04-14 21:39:37,538 - EduRAG - INFO - jpkb插入数据成功
2026-04-14 21:39:37,545 - EduRAG - INFO - jpkb插入数据成功
2026-04-14 21:39:37,552 - EduRAG - INFO - jpkb插入数据成功
2026-04-14 21:39:37,560 - EduRAG - INFO - jpkb插入数据成功
2026-04-14 21:39:37,568 - EduRAG - INFO - jpkb插入数据成功
2026-04-14 21:39:37,574 - EduRAG - INFO - jpkb插入数据成功
2026-04-14 21:39:37,586 - EduRAG - INFO - jpkb插入数据成功
2026-04-14 21:39:37,594 - EduRAG - INFO - jpkb插入数据成功
2026-04-14 21:39:37,601 - EduRAG - INFO - jpkb插入数据成功
2026-04-14 21:39:37,609 - EduRAG - INFO - jpkb插入数据成功
2026-04-14 21:39:37,616 - EduRAG - INFO - jpkb插入数据成功
2026-04-14 21:39:37,622 - EduRAG - INFO - jpkb插入数据成功
2026-04-14 21:39:37,629 - EduRAG - INFO - jpkb插入数据成功
2026-04-14 21:39:37,635 - EduRAG - INFO - jpkb插入数据成功
2026-04-14 21:39:37,642 - EduRAG - INFO - jpkb插入数据成功
2026-04-14 21:39:37,647 - EduRAG - INFO - jpkb插入数据成功
2026-04-14 21:39:37,655 - EduRAG - INFO - jpkb插入数据成功
2026-04-14 21:39:37,660 - EduRAG - INFO - jpkb插入数据成功
2026-04-14 21:39:37,666 - EduRAG - INFO - jpkb插入数据成功
2026-04-14 21:39:37,673 - EduRAG - INFO - jpkb插入数据成功
2026-04-14 21:39:37,679 - EduRAG - INFO - jpkb插入数据成功
2026-04-14 21:39:37,685 - EduRAG - INFO - jpkb插入数据成功
2026-04-14 21:39:37,690 - EduRAG - INFO - jpkb插入数据成功
2026-04-14 21:39:37,697 - EduRAG - INFO - jpkb插入数据成功
2026-04-14 21:39:37,703 - EduRAG - INFO - jpkb插入数据成功
2026-04-14 21:39:37,709 - EduRAG - INFO - jpkb插入数据成功
2026-04-14 21:39:37,715 - EduRAG - INFO - jpkb插入数据成功
2026-04-14 21:39:37,722 - EduRAG - INFO - jpkb插入数据成功
2026-04-14 21:39:37,728 - EduRAG - INFO - jpkb插入数据成功
2026-04-14 21:39:37,736 - EduRAG - INFO - jpkb插入数据成功
2026-04-14 21:39:37,742 - EduRAG - INFO - jpkb插入数据成功
2026-04-14 21:39:37,748 - EduRAG - INFO - jpkb插入数据成功
2026-04-14 21:39:37,756 - EduRAG - INFO - jpkb插入数据成功
2026-04-14 21:39:37,764 - EduRAG - INFO - jpkb插入数据成功
2026-04-14 21:39:37,770 - EduRAG - INFO - jpkb插入数据成功
2026-04-14 21:39:37,778 - EduRAG - INFO - jpkb插入数据成功
2026-04-14 21:39:37,785 - EduRAG - INFO - jpkb插入数据成功
2026-04-14 21:39:37,791 - EduRAG - INFO - jpkb插入数据成功
2026-04-14 21:39:37,798 - EduRAG - INFO - jpkb插入数据成功
2026-04-14 21:39:37,805 - EduRAG - INFO - jpkb插入数据成功
2026-04-14 21:39:37,813 - EduRAG - INFO - jpkb插入数据成功
2026-04-14 21:39:37,820 - EduRAG - INFO - jpkb插入数据成功
2026-04-14 21:39:37,828 - EduRAG - INFO - jpkb插入数据成功
2026-04-14 21:39:37,835 - EduRAG - INFO - jpkb插入数据成功
2026-04-14 21:39:37,844 - EduRAG - INFO - jpkb插入数据成功
2026-04-14 21:39:37,853 - EduRAG - INFO - jpkb插入数据成功
2026-04-14 21:39:37,864 - EduRAG - INFO - jpkb插入数据成功
2026-04-14 21:39:37,874 - EduRAG - INFO - jpkb插入数据成功
2026-04-14 21:39:37,885 - EduRAG - INFO - jpkb插入数据成功
2026-04-14 21:39:37,895 - EduRAG - INFO - jpkb插入数据成功
2026-04-14 21:39:37,905 - EduRAG - INFO - jpkb插入数据成功
2026-04-14 21:39:37,914 - EduRAG - INFO - jpkb插入数据成功
2026-04-14 21:39:37,920 - EduRAG - INFO - jpkb插入数据成功
2026-04-14 21:39:37,926 - EduRAG - INFO - jpkb插入数据成功
2026-04-14 21:39:37,932 - EduRAG - INFO - jpkb插入数据成功
2026-04-14 21:39:37,938 - EduRAG - INFO - jpkb插入数据成功
2026-04-14 21:39:37,943 - EduRAG - INFO - jpkb插入数据成功
2026-04-14 21:39:37,954 - EduRAG - INFO - jpkb插入数据成功
2026-04-14 21:39:37,960 - EduRAG - INFO - jpkb插入数据成功
2026-04-14 21:39:37,967 - EduRAG - INFO - jpkb插入数据成功
2026-04-14 21:39:37,972 - EduRAG - INFO - jpkb插入数据成功
2026-04-14 21:39:37,977 - EduRAG - INFO - jpkb插入数据成功
2026-04-14 21:39:37,984 - EduRAG - INFO - jpkb插入数据成功
2026-04-14 21:39:37,991 - EduRAG - INFO - jpkb插入数据成功
2026-04-14 21:39:37,997 - EduRAG - INFO - jpkb插入数据成功
2026-04-14 21:39:38,003 - EduRAG - INFO - jpkb插入数据成功
2026-04-14 21:39:38,009 - EduRAG - INFO - jpkb插入数据成功
2026-04-14 21:39:38,015 - EduRAG - INFO - jpkb插入数据成功
2026-04-14 21:39:38,020 - EduRAG - INFO - jpkb插入数据成功
2026-04-14 21:39:38,026 - EduRAG - INFO - jpkb插入数据成功
2026-04-14 21:39:38,033 - EduRAG - INFO - jpkb插入数据成功
2026-04-14 21:39:38,038 - EduRAG - INFO - jpkb插入数据成功
2026-04-14 21:39:38,044 - EduRAG - INFO - jpkb插入数据成功
2026-04-14 21:39:38,050 - EduRAG - INFO - jpkb插入数据成功
2026-04-14 21:39:38,056 - EduRAG - INFO - jpkb插入数据成功
2026-04-14 21:39:38,062 - EduRAG - INFO - jpkb插入数据成功
2026-04-14 21:39:38,068 - EduRAG - INFO - jpkb插入数据成功
2026-04-14 21:39:38,074 - EduRAG - INFO - jpkb插入数据成功
2026-04-14 21:39:38,079 - EduRAG - INFO - jpkb插入数据成功
2026-04-14 21:39:38,085 - EduRAG - INFO - jpkb插入数据成功
2026-04-14 21:39:38,090 - EduRAG - INFO - jpkb插入数据成功
2026-04-14 21:39:38,096 - EduRAG - INFO - jpkb插入数据成功
2026-04-14 21:39:38,103 - EduRAG - INFO - jpkb插入数据成功
2026-04-14 21:39:38,109 - EduRAG - INFO - jpkb插入数据成功
2026-04-14 21:39:38,115 - EduRAG - INFO - jpkb插入数据成功
2026-04-14 21:39:38,120 - EduRAG - INFO - jpkb插入数据成功
2026-04-14 21:39:38,126 - EduRAG - INFO - jpkb插入数据成功
2026-04-14 21:39:38,132 - EduRAG - INFO - jpkb插入数据成功
2026-04-14 21:39:38,137 - EduRAG - INFO - jpkb插入数据成功
2026-04-14 21:39:38,142 - EduRAG - INFO - jpkb插入数据成功
2026-04-14 21:39:38,150 - EduRAG - INFO - jpkb插入数据成功
2026-04-14 21:39:38,154 - EduRAG - INFO - jpkb插入数据成功
2026-04-14 21:39:38,161 - EduRAG - INFO - jpkb插入数据成功
2026-04-14 21:39:38,168 - EduRAG - INFO - jpkb插入数据成功
2026-04-14 21:39:38,174 - EduRAG - INFO - jpkb插入数据成功
2026-04-14 21:39:38,182 - EduRAG - INFO - jpkb插入数据成功
2026-04-14 21:39:38,188 - EduRAG - INFO - jpkb插入数据成功
2026-04-14 21:39:38,194 - EduRAG - INFO - jpkb插入数据成功
2026-04-14 21:39:38,202 - EduRAG - INFO - jpkb插入数据成功
2026-04-14 21:39:38,211 - EduRAG - INFO - jpkb插入数据成功
2026-04-14 21:39:38,218 - EduRAG - INFO - jpkb插入数据成功
2026-04-14 21:39:38,225 - EduRAG - INFO - jpkb插入数据成功
2026-04-14 21:39:38,232 - EduRAG - INFO - jpkb插入数据成功
2026-04-14 21:39:38,237 - EduRAG - INFO - jpkb插入数据成功
2026-04-14 21:39:38,245 - EduRAG - INFO - jpkb插入数据成功
2026-04-14 21:39:38,251 - EduRAG - INFO - jpkb插入数据成功
2026-04-14 21:39:38,257 - EduRAG - INFO - jpkb插入数据成功
2026-04-14 21:39:38,264 - EduRAG - INFO - jpkb插入数据成功
2026-04-14 21:39:38,270 - EduRAG - INFO - jpkb插入数据成功
2026-04-14 21:39:38,279 - EduRAG - INFO - jpkb插入数据成功
2026-04-14 21:39:38,289 - EduRAG - INFO - jpkb插入数据成功
2026-04-14 21:39:38,307 - EduRAG - INFO - jpkb插入数据成功
2026-04-14 21:39:38,316 - EduRAG - INFO - jpkb插入数据成功
2026-04-14 21:39:38,323 - EduRAG - INFO - jpkb插入数据成功
2026-04-14 21:39:38,331 - EduRAG - INFO - jpkb插入数据成功
2026-04-14 21:39:38,339 - EduRAG - INFO - jpkb插入数据成功
2026-04-14 21:39:38,347 - EduRAG - INFO - jpkb插入数据成功
2026-04-14 21:39:38,356 - EduRAG - INFO - jpkb插入数据成功
2026-04-14 21:39:38,364 - EduRAG - INFO - jpkb插入数据成功
2026-04-14 21:39:38,378 - EduRAG - INFO - jpkb插入数据成功
2026-04-14 21:39:38,385 - EduRAG - INFO - jpkb插入数据成功
2026-04-14 21:39:38,393 - EduRAG - INFO - jpkb插入数据成功
2026-04-14 21:39:38,400 - EduRAG - INFO - jpkb插入数据成功
2026-04-14 21:39:38,407 - EduRAG - INFO - jpkb插入数据成功
2026-04-14 21:39:38,414 - EduRAG - INFO - jpkb插入数据成功
2026-04-14 21:39:38,421 - EduRAG - INFO - jpkb插入数据成功
2026-04-14 21:39:38,430 - EduRAG - INFO - jpkb插入数据成功
2026-04-14 21:39:38,438 - EduRAG - INFO - jpkb插入数据成功
2026-04-14 21:39:38,448 - EduRAG - INFO - jpkb插入数据成功
2026-04-14 21:39:38,457 - EduRAG - INFO - jpkb插入数据成功
2026-04-14 21:39:38,464 - EduRAG - INFO - jpkb插入数据成功
2026-04-14 21:39:38,471 - EduRAG - INFO - jpkb插入数据成功
2026-04-14 21:39:38,479 - EduRAG - INFO - jpkb插入数据成功
2026-04-14 21:39:38,489 - EduRAG - INFO - jpkb插入数据成功
2026-04-14 21:39:38,496 - EduRAG - INFO - jpkb插入数据成功
2026-04-14 21:39:38,503 - EduRAG - INFO - jpkb插入数据成功
2026-04-14 21:39:38,508 - EduRAG - INFO - jpkb插入数据成功
2026-04-14 21:39:38,514 - EduRAG - INFO - jpkb插入数据成功
2026-04-14 21:39:38,521 - EduRAG - INFO - jpkb插入数据成功
2026-04-14 21:39:38,527 - EduRAG - INFO - jpkb插入数据成功
2026-04-14 21:39:38,534 - EduRAG - INFO - jpkb插入数据成功
2026-04-14 21:39:38,541 - EduRAG - INFO - jpkb插入数据成功
2026-04-14 21:39:38,547 - EduRAG - INFO - jpkb插入数据成功
2026-04-14 21:39:38,554 - EduRAG - INFO - jpkb插入数据成功
2026-04-14 21:39:38,559 - EduRAG - INFO - jpkb插入数据成功
2026-04-14 21:39:38,565 - EduRAG - INFO - jpkb插入数据成功
2026-04-14 21:39:38,572 - EduRAG - INFO - jpkb插入数据成功
2026-04-14 21:39:38,577 - EduRAG - INFO - jpkb插入数据成功
2026-04-14 21:39:38,583 - EduRAG - INFO - jpkb插入数据成功
2026-04-14 21:39:38,590 - EduRAG - INFO - jpkb插入数据成功
2026-04-14 21:39:38,597 - EduRAG - INFO - jpkb插入数据成功
2026-04-14 21:39:38,603 - EduRAG - INFO - jpkb插入数据成功
2026-04-14 21:39:38,609 - EduRAG - INFO - jpkb插入数据成功
2026-04-14 21:39:38,616 - EduRAG - INFO - jpkb插入数据成功
2026-04-14 21:39:38,621 - EduRAG - INFO - jpkb插入数据成功
2026-04-14 21:39:38,627 - EduRAG - INFO - jpkb插入数据成功
2026-04-14 21:39:38,633 - EduRAG - INFO - jpkb插入数据成功
2026-04-14 21:39:38,640 - EduRAG - INFO - jpkb插入数据成功
2026-04-14 21:39:38,647 - EduRAG - INFO - jpkb插入数据成功
2026-04-14 21:39:38,653 - EduRAG - INFO - jpkb插入数据成功
2026-04-14 21:39:38,659 - EduRAG - INFO - jpkb插入数据成功
2026-04-14 21:39:38,666 - EduRAG - INFO - jpkb插入数据成功
2026-04-14 21:39:38,672 - EduRAG - INFO - jpkb插入数据成功
2026-04-14 21:39:38,678 - EduRAG - INFO - jpkb插入数据成功
2026-04-14 21:39:38,685 - EduRAG - INFO - jpkb插入数据成功
2026-04-14 21:39:38,691 - EduRAG - INFO - jpkb插入数据成功
2026-04-14 21:39:38,698 - EduRAG - INFO - jpkb插入数据成功
2026-04-14 21:39:38,704 - EduRAG - INFO - jpkb插入数据成功
2026-04-14 21:39:38,710 - EduRAG - INFO - jpkb插入数据成功
2026-04-14 21:39:38,717 - EduRAG - INFO - jpkb插入数据成功
2026-04-14 21:39:38,723 - EduRAG - INFO - jpkb插入数据成功
2026-04-14 21:39:38,731 - EduRAG - INFO - jpkb插入数据成功
2026-04-14 21:39:38,738 - EduRAG - INFO - jpkb插入数据成功
2026-04-14 21:39:38,749 - EduRAG - INFO - jpkb插入数据成功
2026-04-14 21:39:38,754 - EduRAG - INFO - jpkb插入数据成功
2026-04-14 21:39:38,763 - EduRAG - INFO - jpkb插入数据成功
2026-04-14 21:39:38,771 - EduRAG - INFO - jpkb插入数据成功
2026-04-14 21:39:38,779 - EduRAG - INFO - jpkb插入数据成功
2026-04-14 21:39:38,786 - EduRAG - INFO - jpkb插入数据成功
2026-04-14 21:39:38,794 - EduRAG - INFO - jpkb插入数据成功
2026-04-14 21:39:38,801 - EduRAG - INFO - jpkb插入数据成功
2026-04-14 21:39:38,807 - EduRAG - INFO - jpkb插入数据成功
2026-04-14 21:39:38,814 - EduRAG - INFO - jpkb插入数据成功
2026-04-14 21:39:38,820 - EduRAG - INFO - jpkb插入数据成功
2026-04-14 21:39:38,827 - EduRAG - INFO - jpkb插入数据成功
2026-04-14 21:39:38,834 - EduRAG - INFO - jpkb插入数据成功
2026-04-14 21:39:38,845 - EduRAG - INFO - jpkb插入数据成功
2026-04-14 21:39:38,858 - EduRAG - INFO - jpkb插入数据成功
2026-04-14 21:39:38,868 - EduRAG - INFO - jpkb插入数据成功
2026-04-14 21:50:12,771 - EduRAG - INFO - mysql 连接成功
2026-04-14 21:50:13,218 - EduRAG - INFO - jpkb插入数据成功
2026-04-14 22:09:42,848 - EduRAG - INFO - mysql 连接成功
2026-04-14 22:09:42,854 - EduRAG - INFO - jpkb查询数据成功
2026-04-14 22:10:27,571 - EduRAG - INFO - mysql 连接成功
2026-04-14 22:10:27,575 - EduRAG - INFO - jpkb查询数据成功
2026-04-14 22:13:59,211 - EduRAG - INFO - mysql 连接成功
2026-04-14 22:13:59,219 - EduRAG - INFO - jpkb查询为问题体检预约成功后不显示预约信息成功
2026-04-14 22:14:14,070 - EduRAG - INFO - mysql 连接成功
2026-04-14 22:14:14,074 - EduRAG - INFO - jpkb查询数据成功
2026-04-14 22:14:39,478 - EduRAG - INFO - mysql 连接成功
2026-04-14 22:14:39,486 - EduRAG - INFO - jpkb查询为问题Tomcat在docker里下载什么版本呢？成功
2026-04-14 22:16:29,626 - EduRAG - INFO - mysql 连接成功
2026-04-14 22:16:29,627 - EduRAG - INFO - mysql 关闭成功
